<testsuites id="" name="" tests="20" failures="0" skipped="0" errors="0" time="2.663503">
<testsuite name="api-integration.spec.js" timestamp="2025-07-28T06:34:45.231Z" hostname="chromium-desktop" tests="4" failures="0" skipped="0" time="0.12" errors="0">
<testcase name="KEMBridge API Integration › should have healthy backend services" classname="api-integration.spec.js" time="0.086">
<system-out>
<![CDATA[🔍 Gateway service: ✅ (200)
🔍 1inch service: ✅ (200)
🔍 Blockchain service: ✅ (200)
🔍 Crypto service: ✅ (200)
🔍 Auth service: ✅ (200)
]]>
</system-out>
</testcase>
<testcase name="KEMBridge API Integration › should generate NEAR nonce successfully" classname="api-integration.spec.js" time="0.014">
<system-out>
<![CDATA[🔍 NEAR nonce generation: ✅ PASS
   Nonce: 2a9e73b50321a4aa...
   Message contains expected content: ✅
]]>
</system-out>
</testcase>
<testcase name="KEMBridge API Integration › should generate Ethereum nonce successfully" classname="api-integration.spec.js" time="0.009">
<system-out>
<![CDATA[🔍 Ethereum nonce generation: ✅ PASS
   Nonce: dcc1abb37bfa7315...
   Message contains expected content: ✅
]]>
</system-out>
</testcase>
<testcase name="KEMBridge API Integration › should handle invalid nonce requests" classname="api-integration.spec.js" time="0.011">
<system-out>
<![CDATA[💥 Testing invalid nonce requests...
   No parameters: 400 status
   Invalid chain type: 200 status
✅ Invalid request handling test completed
]]>
</system-out>
</testcase>
</testsuite>
<testsuite name="api-integration.spec.js" timestamp="2025-07-28T06:34:45.231Z" hostname="firefox-desktop" tests="4" failures="0" skipped="0" time="0.082" errors="0">
<testcase name="KEMBridge API Integration › should have healthy backend services" classname="api-integration.spec.js" time="0.056">
<system-out>
<![CDATA[🔍 Gateway service: ✅ (200)
🔍 1inch service: ✅ (200)
🔍 Blockchain service: ✅ (200)
🔍 Crypto service: ✅ (200)
🔍 Auth service: ✅ (200)
]]>
</system-out>
</testcase>
<testcase name="KEMBridge API Integration › should generate NEAR nonce successfully" classname="api-integration.spec.js" time="0.007">
<system-out>
<![CDATA[🔍 NEAR nonce generation: ✅ PASS
   Nonce: b2c2b3bfd19cc3ae...
   Message contains expected content: ✅
]]>
</system-out>
</testcase>
<testcase name="KEMBridge API Integration › should generate Ethereum nonce successfully" classname="api-integration.spec.js" time="0.006">
<system-out>
<![CDATA[🔍 Ethereum nonce generation: ✅ PASS
   Nonce: eee6539e4728473b...
   Message contains expected content: ✅
]]>
</system-out>
</testcase>
<testcase name="KEMBridge API Integration › should handle invalid nonce requests" classname="api-integration.spec.js" time="0.013">
<system-out>
<![CDATA[💥 Testing invalid nonce requests...
   No parameters: 400 status
   Invalid chain type: 200 status
✅ Invalid request handling test completed
]]>
</system-out>
</testcase>
</testsuite>
<testsuite name="api-integration.spec.js" timestamp="2025-07-28T06:34:45.231Z" hostname="webkit-desktop" tests="4" failures="0" skipped="0" time="0.098" errors="0">
<testcase name="KEMBridge API Integration › should have healthy backend services" classname="api-integration.spec.js" time="0.076">
<system-out>
<![CDATA[🔍 Gateway service: ✅ (200)
🔍 1inch service: ✅ (200)
🔍 Blockchain service: ✅ (200)
🔍 Crypto service: ✅ (200)
🔍 Auth service: ✅ (200)
]]>
</system-out>
</testcase>
<testcase name="KEMBridge API Integration › should generate NEAR nonce successfully" classname="api-integration.spec.js" time="0.006">
<system-out>
<![CDATA[🔍 NEAR nonce generation: ✅ PASS
   Nonce: 171f8ebb2238fdc4...
   Message contains expected content: ✅
]]>
</system-out>
</testcase>
<testcase name="KEMBridge API Integration › should generate Ethereum nonce successfully" classname="api-integration.spec.js" time="0.006">
<system-out>
<![CDATA[🔍 Ethereum nonce generation: ✅ PASS
   Nonce: bf764b75c2a678c1...
   Message contains expected content: ✅
]]>
</system-out>
</testcase>
<testcase name="KEMBridge API Integration › should handle invalid nonce requests" classname="api-integration.spec.js" time="0.01">
<system-out>
<![CDATA[💥 Testing invalid nonce requests...
   No parameters: 400 status
   Invalid chain type: 200 status
✅ Invalid request handling test completed
]]>
</system-out>
</testcase>
</testsuite>
<testsuite name="api-integration.spec.js" timestamp="2025-07-28T06:34:45.231Z" hostname="mobile-chrome" tests="4" failures="0" skipped="0" time="0.074" errors="0">
<testcase name="KEMBridge API Integration › should have healthy backend services" classname="api-integration.spec.js" time="0.051">
<system-out>
<![CDATA[🔍 Gateway service: ✅ (200)
🔍 1inch service: ✅ (200)
🔍 Blockchain service: ✅ (200)
🔍 Crypto service: ✅ (200)
🔍 Auth service: ✅ (200)
]]>
</system-out>
</testcase>
<testcase name="KEMBridge API Integration › should generate NEAR nonce successfully" classname="api-integration.spec.js" time="0.007">
<system-out>
<![CDATA[🔍 NEAR nonce generation: ✅ PASS
   Nonce: 8f992c537d23fb71...
   Message contains expected content: ✅
]]>
</system-out>
</testcase>
<testcase name="KEMBridge API Integration › should generate Ethereum nonce successfully" classname="api-integration.spec.js" time="0.006">
<system-out>
<![CDATA[🔍 Ethereum nonce generation: ✅ PASS
   Nonce: f6b4cfeec5f02d04...
   Message contains expected content: ✅
]]>
</system-out>
</testcase>
<testcase name="KEMBridge API Integration › should handle invalid nonce requests" classname="api-integration.spec.js" time="0.01">
<system-out>
<![CDATA[💥 Testing invalid nonce requests...
   No parameters: 400 status
   Invalid chain type: 200 status
✅ Invalid request handling test completed
]]>
</system-out>
</testcase>
</testsuite>
<testsuite name="api-integration.spec.js" timestamp="2025-07-28T06:34:45.231Z" hostname="mobile-safari" tests="4" failures="0" skipped="0" time="0.12" errors="0">
<testcase name="KEMBridge API Integration › should have healthy backend services" classname="api-integration.spec.js" time="0.09">
<system-out>
<![CDATA[🔍 Gateway service: ✅ (200)
🔍 1inch service: ✅ (200)
🔍 Blockchain service: ✅ (200)
🔍 Crypto service: ✅ (200)
🔍 Auth service: ✅ (200)
]]>
</system-out>
</testcase>
<testcase name="KEMBridge API Integration › should generate NEAR nonce successfully" classname="api-integration.spec.js" time="0.01">
<system-out>
<![CDATA[🔍 NEAR nonce generation: ✅ PASS
   Nonce: 084b34faed88ace4...
   Message contains expected content: ✅
]]>
</system-out>
</testcase>
<testcase name="KEMBridge API Integration › should generate Ethereum nonce successfully" classname="api-integration.spec.js" time="0.008">
<system-out>
<![CDATA[🔍 Ethereum nonce generation: ✅ PASS
   Nonce: c97ffcc671cefb99...
   Message contains expected content: ✅
]]>
</system-out>
</testcase>
<testcase name="KEMBridge API Integration › should handle invalid nonce requests" classname="api-integration.spec.js" time="0.012">
<system-out>
<![CDATA[💥 Testing invalid nonce requests...
   No parameters: 400 status
   Invalid chain type: 200 status
✅ Invalid request handling test completed
]]>
</system-out>
</testcase>
</testsuite>
</testsuites>